  Entity.cpp
C:\Users\xiong\Documents\CS3113\Project 4\Entity.cpp(134,33): warning C4305: “=”: 从“double”到“T”截断
          with
          [
              T=float
          ]
C:\Users\xiong\Documents\CS3113\Project 4\Entity.cpp(137,34): warning C4305: “=”: 从“double”到“T”截断
          with
          [
              T=float
          ]
C:\Users\xiong\Documents\CS3113\Project 4\Entity.cpp(186,34): warning C4305: “=”: 从“double”到“T”截断
          with
          [
              T=float
          ]
C:\Users\xiong\Documents\CS3113\Project 4\Entity.cpp(189,33): warning C4305: “=”: 从“double”到“T”截断
          with
          [
              T=float
          ]
  SDLProject.vcxproj -> C:\Users\xiong\Documents\CS3113\Project 4\Debug\SDLProject.exe
